[0.110s] DEBUG:colcon:Command line arguments: ['/usr/bin/colcon', 'build', '--symlink-install', '--packages-select', 'openflex_teleop_ker', 'openflex_ker_joint_panel', '--event-handlers', 'console_direct+']
[0.110s] DEBUG:colcon:Parsed command line arguments: Namespace(log_base=None, log_level=None, verb_name='build', build_base='build', install_base='install', merge_install=False, symlink_install=True, test_result_base=None, continue_on_error=False, executor='parallel', parallel_workers=12, event_handlers=['console_direct+'], ignore_user_meta=False, metas=['./colcon.meta'], base_paths=['.'], packages_ignore=None, packages_ignore_regex=None, paths=None, packages_up_to=None, packages_up_to_regex=None, packages_above=None, packages_above_and_dependencies=None, packages_above_depth=None, packages_select_by_dep=None, packages_skip_by_dep=None, packages_skip_up_to=None, packages_select_build_failed=False, packages_skip_build_finished=False, packages_select_test_failures=False, packages_skip_test_passed=False, packages_select=['openflex_teleop_ker', 'openflex_ker_joint_panel'], packages_skip=None, packages_select_regex=None, packages_skip_regex=None, packages_start=None, packages_end=None, allow_overriding=[], cmake_args=None, cmake_target=None, cmake_target_skip_unavailable=False, cmake_clean_cache=False, cmake_clean_first=False, cmake_force_configure=False, ament_cmake_args=None, catkin_cmake_args=None, catkin_skip_building_tests=False, mixin_files=None, mixin=None, verb_parser=<colcon_mixin.mixin.mixin_argument.MixinArgumentDecorator object at 0x7ba7ffc5ab30>, verb_extension=<colcon_core.verb.build.BuildVerb object at 0x7ba7ffc1c1f0>, main=<bound method BuildVerb.main of <colcon_core.verb.build.BuildVerb object at 0x7ba7ffc1c1f0>>, mixin_verb=('build',))
[0.244s] Level 1:colcon.colcon_core.package_discovery:discover_packages(colcon_meta) check parameters
[0.244s] Level 1:colcon.colcon_core.package_discovery:discover_packages(recursive) check parameters
[0.244s] Level 1:colcon.colcon_core.package_discovery:discover_packages(ignore) check parameters
[0.244s] Level 1:colcon.colcon_core.package_discovery:discover_packages(path) check parameters
[0.244s] Level 1:colcon.colcon_core.package_discovery:discover_packages(colcon_meta) discover
[0.244s] Level 1:colcon.colcon_core.package_discovery:discover_packages(recursive) discover
[0.244s] INFO:colcon.colcon_core.package_discovery:Crawling recursively for packages in '/home/alientek/openflex/openflex_KER/ros2_ws'
[0.244s] Level 1:colcon.colcon_core.package_identification:_identify(.) by extensions ['ignore', 'ignore_ament_install']
[0.244s] Level 1:colcon.colcon_core.package_identification:_identify(.) by extension 'ignore'
[0.244s] Level 1:colcon.colcon_core.package_identification:_identify(.) by extension 'ignore_ament_install'
[0.244s] Level 1:colcon.colcon_core.package_identification:_identify(.) by extensions ['colcon_pkg']
[0.244s] Level 1:colcon.colcon_core.package_identification:_identify(.) by extension 'colcon_pkg'
[0.244s] Level 1:colcon.colcon_core.package_identification:_identify(.) by extensions ['colcon_meta']
[0.245s] Level 1:colcon.colcon_core.package_identification:_identify(.) by extension 'colcon_meta'
[0.245s] Level 1:colcon.colcon_core.package_identification:_identify(.) by extensions ['ros']
[0.245s] Level 1:colcon.colcon_core.package_identification:_identify(.) by extension 'ros'
[0.258s] Level 1:colcon.colcon_core.package_identification:_identify(.) by extensions ['cmake', 'python']
[0.259s] Level 1:colcon.colcon_core.package_identification:_identify(.) by extension 'cmake'
[0.259s] Level 1:colcon.colcon_core.package_identification:_identify(.) by extension 'python'
[0.259s] Level 1:colcon.colcon_core.package_identification:_identify(.) by extensions ['python_setup_py']
[0.259s] Level 1:colcon.colcon_core.package_identification:_identify(.) by extension 'python_setup_py'
[0.259s] Level 1:colcon.colcon_core.package_identification:_identify(build) by extensions ['ignore', 'ignore_ament_install']
[0.259s] Level 1:colcon.colcon_core.package_identification:_identify(build) by extension 'ignore'
[0.259s] Level 1:colcon.colcon_core.package_identification:_identify(build) ignored
[0.259s] Level 1:colcon.colcon_core.package_identification:_identify(install) by extensions ['ignore', 'ignore_ament_install']
[0.259s] Level 1:colcon.colcon_core.package_identification:_identify(install) by extension 'ignore'
[0.259s] Level 1:colcon.colcon_core.package_identification:_identify(install) ignored
[0.259s] Level 1:colcon.colcon_core.package_identification:_identify(log) by extensions ['ignore', 'ignore_ament_install']
[0.259s] Level 1:colcon.colcon_core.package_identification:_identify(log) by extension 'ignore'
[0.259s] Level 1:colcon.colcon_core.package_identification:_identify(log) ignored
[0.259s] Level 1:colcon.colcon_core.package_identification:_identify(src) by extensions ['ignore', 'ignore_ament_install']
[0.259s] Level 1:colcon.colcon_core.package_identification:_identify(src) by extension 'ignore'
[0.259s] Level 1:colcon.colcon_core.package_identification:_identify(src) by extension 'ignore_ament_install'
[0.259s] Level 1:colcon.colcon_core.package_identification:_identify(src) by extensions ['colcon_pkg']
[0.259s] Level 1:colcon.colcon_core.package_identification:_identify(src) by extension 'colcon_pkg'
[0.259s] Level 1:colcon.colcon_core.package_identification:_identify(src) by extensions ['colcon_meta']
[0.259s] Level 1:colcon.colcon_core.package_identification:_identify(src) by extension 'colcon_meta'
[0.259s] Level 1:colcon.colcon_core.package_identification:_identify(src) by extensions ['ros']
[0.259s] Level 1:colcon.colcon_core.package_identification:_identify(src) by extension 'ros'
[0.259s] Level 1:colcon.colcon_core.package_identification:_identify(src) by extensions ['cmake', 'python']
[0.259s] Level 1:colcon.colcon_core.package_identification:_identify(src) by extension 'cmake'
[0.259s] Level 1:colcon.colcon_core.package_identification:_identify(src) by extension 'python'
[0.260s] Level 1:colcon.colcon_core.package_identification:_identify(src) by extensions ['python_setup_py']
[0.260s] Level 1:colcon.colcon_core.package_identification:_identify(src) by extension 'python_setup_py'
[0.260s] Level 1:colcon.colcon_core.package_identification:_identify(src/openflex_ker_joint_panel) by extensions ['ignore', 'ignore_ament_install']
[0.260s] Level 1:colcon.colcon_core.package_identification:_identify(src/openflex_ker_joint_panel) by extension 'ignore'
[0.260s] Level 1:colcon.colcon_core.package_identification:_identify(src/openflex_ker_joint_panel) by extension 'ignore_ament_install'
[0.260s] Level 1:colcon.colcon_core.package_identification:_identify(src/openflex_ker_joint_panel) by extensions ['colcon_pkg']
[0.260s] Level 1:colcon.colcon_core.package_identification:_identify(src/openflex_ker_joint_panel) by extension 'colcon_pkg'
[0.260s] Level 1:colcon.colcon_core.package_identification:_identify(src/openflex_ker_joint_panel) by extensions ['colcon_meta']
[0.260s] Level 1:colcon.colcon_core.package_identification:_identify(src/openflex_ker_joint_panel) by extension 'colcon_meta'
[0.260s] Level 1:colcon.colcon_core.package_identification:_identify(src/openflex_ker_joint_panel) by extensions ['ros']
[0.260s] Level 1:colcon.colcon_core.package_identification:_identify(src/openflex_ker_joint_panel) by extension 'ros'
[0.263s] DEBUG:colcon.colcon_core.package_identification:Package 'src/openflex_ker_joint_panel' with type 'ros.ament_cmake' and name 'openflex_ker_joint_panel'
[0.263s] Level 1:colcon.colcon_core.package_identification:_identify(src/openflex_teleop_ker) by extensions ['ignore', 'ignore_ament_install']
[0.263s] Level 1:colcon.colcon_core.package_identification:_identify(src/openflex_teleop_ker) by extension 'ignore'
[0.263s] Level 1:colcon.colcon_core.package_identification:_identify(src/openflex_teleop_ker) by extension 'ignore_ament_install'
[0.263s] Level 1:colcon.colcon_core.package_identification:_identify(src/openflex_teleop_ker) by extensions ['colcon_pkg']
[0.263s] Level 1:colcon.colcon_core.package_identification:_identify(src/openflex_teleop_ker) by extension 'colcon_pkg'
[0.263s] Level 1:colcon.colcon_core.package_identification:_identify(src/openflex_teleop_ker) by extensions ['colcon_meta']
[0.263s] Level 1:colcon.colcon_core.package_identification:_identify(src/openflex_teleop_ker) by extension 'colcon_meta'
[0.263s] Level 1:colcon.colcon_core.package_identification:_identify(src/openflex_teleop_ker) by extensions ['ros']
[0.263s] Level 1:colcon.colcon_core.package_identification:_identify(src/openflex_teleop_ker) by extension 'ros'
[0.264s] DEBUG:colcon.colcon_core.package_identification:Package 'src/openflex_teleop_ker' with type 'ros.ament_python' and name 'openflex_teleop_ker'
[0.264s] Level 1:colcon.colcon_core.package_discovery:discover_packages(recursive) using defaults
[0.264s] Level 1:colcon.colcon_core.package_discovery:discover_packages(ignore) discover
[0.264s] Level 1:colcon.colcon_core.package_discovery:discover_packages(ignore) using defaults
[0.264s] Level 1:colcon.colcon_core.package_discovery:discover_packages(path) discover
[0.264s] Level 1:colcon.colcon_core.package_discovery:discover_packages(path) using defaults
[0.295s] Level 1:colcon.colcon_core.package_discovery:discover_packages(prefix_path) check parameters
[0.295s] Level 1:colcon.colcon_core.package_discovery:discover_packages(prefix_path) discover
[0.297s] DEBUG:colcon.colcon_installed_package_information.package_discovery:Found 335 installed packages in /opt/ros/humble
[0.299s] Level 1:colcon.colcon_core.package_discovery:discover_packages(prefix_path) using defaults
[0.338s] Level 5:colcon.colcon_core.verb:set package 'openflex_ker_joint_panel' build argument 'cmake_args' from command line to 'None'
[0.338s] Level 5:colcon.colcon_core.verb:set package 'openflex_ker_joint_panel' build argument 'cmake_target' from command line to 'None'
[0.338s] Level 5:colcon.colcon_core.verb:set package 'openflex_ker_joint_panel' build argument 'cmake_target_skip_unavailable' from command line to 'False'
[0.338s] Level 5:colcon.colcon_core.verb:set package 'openflex_ker_joint_panel' build argument 'cmake_clean_cache' from command line to 'False'
[0.338s] Level 5:colcon.colcon_core.verb:set package 'openflex_ker_joint_panel' build argument 'cmake_clean_first' from command line to 'False'
[0.338s] Level 5:colcon.colcon_core.verb:set package 'openflex_ker_joint_panel' build argument 'cmake_force_configure' from command line to 'False'
[0.339s] Level 5:colcon.colcon_core.verb:set package 'openflex_ker_joint_panel' build argument 'ament_cmake_args' from command line to 'None'
[0.339s] Level 5:colcon.colcon_core.verb:set package 'openflex_ker_joint_panel' build argument 'catkin_cmake_args' from command line to 'None'
[0.339s] Level 5:colcon.colcon_core.verb:set package 'openflex_ker_joint_panel' build argument 'catkin_skip_building_tests' from command line to 'False'
[0.339s] DEBUG:colcon.colcon_core.verb:Building package 'openflex_ker_joint_panel' with the following arguments: {'ament_cmake_args': None, 'build_base': '/home/alientek/openflex/openflex_KER/ros2_ws/build/openflex_ker_joint_panel', 'catkin_cmake_args': None, 'catkin_skip_building_tests': False, 'cmake_args': None, 'cmake_clean_cache': False, 'cmake_clean_first': False, 'cmake_force_configure': False, 'cmake_target': None, 'cmake_target_skip_unavailable': False, 'install_base': '/home/alientek/openflex/openflex_KER/ros2_ws/install/openflex_ker_joint_panel', 'merge_install': False, 'path': '/home/alientek/openflex/openflex_KER/ros2_ws/src/openflex_ker_joint_panel', 'symlink_install': True, 'test_result_base': None}
[0.339s] Level 5:colcon.colcon_core.verb:set package 'openflex_teleop_ker' build argument 'cmake_args' from command line to 'None'
[0.339s] Level 5:colcon.colcon_core.verb:set package 'openflex_teleop_ker' build argument 'cmake_target' from command line to 'None'
[0.339s] Level 5:colcon.colcon_core.verb:set package 'openflex_teleop_ker' build argument 'cmake_target_skip_unavailable' from command line to 'False'
[0.339s] Level 5:colcon.colcon_core.verb:set package 'openflex_teleop_ker' build argument 'cmake_clean_cache' from command line to 'False'
[0.339s] Level 5:colcon.colcon_core.verb:set package 'openflex_teleop_ker' build argument 'cmake_clean_first' from command line to 'False'
[0.339s] Level 5:colcon.colcon_core.verb:set package 'openflex_teleop_ker' build argument 'cmake_force_configure' from command line to 'False'
[0.339s] Level 5:colcon.colcon_core.verb:set package 'openflex_teleop_ker' build argument 'ament_cmake_args' from command line to 'None'
[0.339s] Level 5:colcon.colcon_core.verb:set package 'openflex_teleop_ker' build argument 'catkin_cmake_args' from command line to 'None'
[0.339s] Level 5:colcon.colcon_core.verb:set package 'openflex_teleop_ker' build argument 'catkin_skip_building_tests' from command line to 'False'
[0.339s] DEBUG:colcon.colcon_core.verb:Building package 'openflex_teleop_ker' with the following arguments: {'ament_cmake_args': None, 'build_base': '/home/alientek/openflex/openflex_KER/ros2_ws/build/openflex_teleop_ker', 'catkin_cmake_args': None, 'catkin_skip_building_tests': False, 'cmake_args': None, 'cmake_clean_cache': False, 'cmake_clean_first': False, 'cmake_force_configure': False, 'cmake_target': None, 'cmake_target_skip_unavailable': False, 'install_base': '/home/alientek/openflex/openflex_KER/ros2_ws/install/openflex_teleop_ker', 'merge_install': False, 'path': '/home/alientek/openflex/openflex_KER/ros2_ws/src/openflex_teleop_ker', 'symlink_install': True, 'test_result_base': None}
[0.339s] INFO:colcon.colcon_core.executor:Executing jobs using 'parallel' executor
[0.340s] DEBUG:colcon.colcon_parallel_executor.executor.parallel:run_until_complete
[0.340s] INFO:colcon.colcon_ros.task.ament_cmake.build:Building ROS package in '/home/alientek/openflex/openflex_KER/ros2_ws/src/openflex_ker_joint_panel' with build type 'ament_cmake'
[0.341s] INFO:colcon.colcon_cmake.task.cmake.build:Building CMake package in '/home/alientek/openflex/openflex_KER/ros2_ws/src/openflex_ker_joint_panel'
[0.342s] INFO:colcon.colcon_core.plugin_system:Skipping extension 'colcon_core.shell.bat': Not used on non-Windows systems
[0.342s] INFO:colcon.colcon_core.shell:Skip shell extension 'powershell' for command environment: Not usable outside of PowerShell
[0.342s] DEBUG:colcon.colcon_core.shell:Skip shell extension 'dsv' for command environment
[0.344s] INFO:colcon.colcon_ros.task.ament_python.build:Building ROS package in '/home/alientek/openflex/openflex_KER/ros2_ws/src/openflex_teleop_ker' with build type 'ament_python'
[0.344s] Level 1:colcon.colcon_core.shell:create_environment_hook('openflex_teleop_ker', 'ament_prefix_path')
[0.344s] INFO:colcon.colcon_core.shell:Creating environment hook '/home/alientek/openflex/openflex_KER/ros2_ws/install/openflex_teleop_ker/share/openflex_teleop_ker/hook/ament_prefix_path.ps1'
[0.345s] INFO:colcon.colcon_core.shell:Creating environment descriptor '/home/alientek/openflex/openflex_KER/ros2_ws/install/openflex_teleop_ker/share/openflex_teleop_ker/hook/ament_prefix_path.dsv'
[0.345s] INFO:colcon.colcon_core.shell:Creating environment hook '/home/alientek/openflex/openflex_KER/ros2_ws/install/openflex_teleop_ker/share/openflex_teleop_ker/hook/ament_prefix_path.sh'
[0.346s] INFO:colcon.colcon_core.shell:Skip shell extension 'powershell' for command environment: Not usable outside of PowerShell
[0.346s] DEBUG:colcon.colcon_core.shell:Skip shell extension 'dsv' for command environment
[0.355s] DEBUG:colcon.colcon_core.event_handler.log_command:Invoking command in '/home/alientek/openflex/openflex_KER/ros2_ws/build/openflex_ker_joint_panel': CMAKE_PREFIX_PATH=/opt/ros/humble /usr/bin/cmake /home/alientek/openflex/openflex_KER/ros2_ws/src/openflex_ker_joint_panel -DAMENT_CMAKE_SYMLINK_INSTALL=1 -DCMAKE_INSTALL_PREFIX=/home/alientek/openflex/openflex_KER/ros2_ws/install/openflex_ker_joint_panel
[0.643s] INFO:colcon.colcon_core.task.python.build:Building Python package in '/home/alientek/openflex/openflex_KER/ros2_ws/src/openflex_teleop_ker'
[0.644s] INFO:colcon.colcon_core.shell:Skip shell extension 'powershell' for command environment: Not usable outside of PowerShell
[0.644s] DEBUG:colcon.colcon_core.shell:Skip shell extension 'dsv' for command environment
[1.318s] DEBUG:colcon.colcon_core.task.python.build:Available setuptools commands: build_py, install_data, dist_info, bdist, install_scripts, build, egg_info, upload, install, check, install_lib, build_clib, extract_messages, update_catalog, build_scripts, install_headers, sdist, upload_docs, bdist_egg, bdist_wheel, symlink_data, init_catalog, register, rotate, develop, easy_install, build_ext, saveopts, compile_catalog, bdist_rpm, install_egg_info, clean, alias, setopt, test, bdist_dumb
[1.725s] DEBUG:colcon.colcon_core.task.python.build:Available setuptools 'develop' options: --user, --editable, --no-find-links, --dry-run, --optimize, --upgrade, --zip-ok, --no-deps, --script-dir, --always-unzip, --install-dir, --always-copy, --force-installation-into-system-dir, --help, --multi-version, --index-url, --build-directory, --site-dirs, --prefix, --find-links, --no-user-cfg, --version, --exclude-scripts, --verbose, --uninstall, --quiet, --allow-hosts, --local-snapshots-ok, --install-layout, --record, --egg-path
[1.729s] DEBUG:colcon.colcon_core.event_handler.log_command:Invoking command in '/home/alientek/openflex/openflex_KER/ros2_ws/build/openflex_teleop_ker': PYTHONPATH=/home/alientek/openflex/openflex_KER/ros2_ws/build/openflex_teleop_ker/prefix_override:/usr/lib/python3/dist-packages/colcon_core/task/python/colcon_distutils_commands:/home/alientek/openflex/openflex_KER/ros2_ws/install/openflex_teleop_ker/lib/python3.10/site-packages:${PYTHONPATH} /usr/bin/python3 -W ignore:setup.py install is deprecated -W ignore:easy_install command is deprecated setup.py develop --editable --build-directory /home/alientek/openflex/openflex_KER/ros2_ws/build/openflex_teleop_ker/build --no-deps symlink_data
[2.420s] Level 1:colcon.colcon_core.shell:create_environment_hook('openflex_teleop_ker', 'pythonpath_develop')
[2.421s] INFO:colcon.colcon_core.shell:Creating environment hook '/home/alientek/openflex/openflex_KER/ros2_ws/build/openflex_teleop_ker/share/openflex_teleop_ker/hook/pythonpath_develop.ps1'
[2.422s] DEBUG:colcon.colcon_core.event_handler.log_command:Invoked command in '/home/alientek/openflex/openflex_KER/ros2_ws/build/openflex_teleop_ker' returned '0': PYTHONPATH=/home/alientek/openflex/openflex_KER/ros2_ws/build/openflex_teleop_ker/prefix_override:/usr/lib/python3/dist-packages/colcon_core/task/python/colcon_distutils_commands:/home/alientek/openflex/openflex_KER/ros2_ws/install/openflex_teleop_ker/lib/python3.10/site-packages:${PYTHONPATH} /usr/bin/python3 -W ignore:setup.py install is deprecated -W ignore:easy_install command is deprecated setup.py develop --editable --build-directory /home/alientek/openflex/openflex_KER/ros2_ws/build/openflex_teleop_ker/build --no-deps symlink_data
[2.423s] INFO:colcon.colcon_core.shell:Creating environment descriptor '/home/alientek/openflex/openflex_KER/ros2_ws/build/openflex_teleop_ker/share/openflex_teleop_ker/hook/pythonpath_develop.dsv'
[2.424s] INFO:colcon.colcon_core.shell:Creating environment hook '/home/alientek/openflex/openflex_KER/ros2_ws/build/openflex_teleop_ker/share/openflex_teleop_ker/hook/pythonpath_develop.sh'
[2.428s] Level 1:colcon.colcon_core.environment:checking '/home/alientek/openflex/openflex_KER/ros2_ws/install/openflex_teleop_ker' for CMake module files
[2.429s] Level 1:colcon.colcon_core.environment:checking '/home/alientek/openflex/openflex_KER/ros2_ws/install/openflex_teleop_ker' for CMake config files
[2.430s] Level 1:colcon.colcon_core.environment:checking '/home/alientek/openflex/openflex_KER/ros2_ws/install/openflex_teleop_ker/lib'
[2.430s] Level 1:colcon.colcon_core.environment:checking '/home/alientek/openflex/openflex_KER/ros2_ws/install/openflex_teleop_ker/bin'
[2.430s] Level 1:colcon.colcon_core.environment:checking '/home/alientek/openflex/openflex_KER/ros2_ws/install/openflex_teleop_ker/lib/pkgconfig/openflex_teleop_ker.pc'
[2.431s] Level 1:colcon.colcon_core.environment:checking '/home/alientek/openflex/openflex_KER/ros2_ws/install/openflex_teleop_ker/lib/python3.10/site-packages'
[2.431s] Level 1:colcon.colcon_core.shell:create_environment_hook('openflex_teleop_ker', 'pythonpath')
[2.431s] INFO:colcon.colcon_core.shell:Creating environment hook '/home/alientek/openflex/openflex_KER/ros2_ws/install/openflex_teleop_ker/share/openflex_teleop_ker/hook/pythonpath.ps1'
[2.432s] INFO:colcon.colcon_core.shell:Creating environment descriptor '/home/alientek/openflex/openflex_KER/ros2_ws/install/openflex_teleop_ker/share/openflex_teleop_ker/hook/pythonpath.dsv'
[2.433s] INFO:colcon.colcon_core.shell:Creating environment hook '/home/alientek/openflex/openflex_KER/ros2_ws/install/openflex_teleop_ker/share/openflex_teleop_ker/hook/pythonpath.sh'
[2.434s] Level 1:colcon.colcon_core.environment:checking '/home/alientek/openflex/openflex_KER/ros2_ws/install/openflex_teleop_ker/bin'
[2.434s] Level 1:colcon.colcon_core.environment:create_environment_scripts_only(openflex_teleop_ker)
[2.435s] INFO:colcon.colcon_core.shell:Creating package script '/home/alientek/openflex/openflex_KER/ros2_ws/install/openflex_teleop_ker/share/openflex_teleop_ker/package.ps1'
[2.436s] INFO:colcon.colcon_core.shell:Creating package descriptor '/home/alientek/openflex/openflex_KER/ros2_ws/install/openflex_teleop_ker/share/openflex_teleop_ker/package.dsv'
[2.438s] INFO:colcon.colcon_core.shell:Creating package script '/home/alientek/openflex/openflex_KER/ros2_ws/install/openflex_teleop_ker/share/openflex_teleop_ker/package.sh'
[2.439s] INFO:colcon.colcon_core.shell:Creating package script '/home/alientek/openflex/openflex_KER/ros2_ws/install/openflex_teleop_ker/share/openflex_teleop_ker/package.bash'
[2.441s] INFO:colcon.colcon_core.shell:Creating package script '/home/alientek/openflex/openflex_KER/ros2_ws/install/openflex_teleop_ker/share/openflex_teleop_ker/package.zsh'
[2.443s] Level 1:colcon.colcon_core.environment:create_file_with_runtime_dependencies(/home/alientek/openflex/openflex_KER/ros2_ws/install/openflex_teleop_ker/share/colcon-core/packages/openflex_teleop_ker)
[3.563s] DEBUG:colcon.colcon_core.event_handler.log_command:Invoked command in '/home/alientek/openflex/openflex_KER/ros2_ws/build/openflex_ker_joint_panel' returned '0': CMAKE_PREFIX_PATH=/opt/ros/humble /usr/bin/cmake /home/alientek/openflex/openflex_KER/ros2_ws/src/openflex_ker_joint_panel -DAMENT_CMAKE_SYMLINK_INSTALL=1 -DCMAKE_INSTALL_PREFIX=/home/alientek/openflex/openflex_KER/ros2_ws/install/openflex_ker_joint_panel
[3.564s] DEBUG:colcon.colcon_core.event_handler.log_command:Invoking command in '/home/alientek/openflex/openflex_KER/ros2_ws/build/openflex_ker_joint_panel': CMAKE_PREFIX_PATH=/opt/ros/humble /usr/bin/cmake --build /home/alientek/openflex/openflex_KER/ros2_ws/build/openflex_ker_joint_panel -- -j12 -l12
[23.803s] DEBUG:colcon.colcon_core.event_handler.log_command:Invoked command in '/home/alientek/openflex/openflex_KER/ros2_ws/build/openflex_ker_joint_panel' returned '0': CMAKE_PREFIX_PATH=/opt/ros/humble /usr/bin/cmake --build /home/alientek/openflex/openflex_KER/ros2_ws/build/openflex_ker_joint_panel -- -j12 -l12
[23.815s] DEBUG:colcon.colcon_core.event_handler.log_command:Invoking command in '/home/alientek/openflex/openflex_KER/ros2_ws/build/openflex_ker_joint_panel': CMAKE_PREFIX_PATH=/opt/ros/humble /usr/bin/cmake --install /home/alientek/openflex/openflex_KER/ros2_ws/build/openflex_ker_joint_panel
[24.152s] Level 1:colcon.colcon_core.environment:create_environment_scripts_only(openflex_ker_joint_panel)
[24.153s] Level 1:colcon.colcon_core.environment:checking '/home/alientek/openflex/openflex_KER/ros2_ws/install/openflex_ker_joint_panel' for CMake module files
[24.153s] DEBUG:colcon.colcon_core.event_handler.log_command:Invoked command in '/home/alientek/openflex/openflex_KER/ros2_ws/build/openflex_ker_joint_panel' returned '0': CMAKE_PREFIX_PATH=/opt/ros/humble /usr/bin/cmake --install /home/alientek/openflex/openflex_KER/ros2_ws/build/openflex_ker_joint_panel
[24.154s] Level 1:colcon.colcon_core.environment:checking '/home/alientek/openflex/openflex_KER/ros2_ws/install/openflex_ker_joint_panel' for CMake config files
[24.155s] Level 1:colcon.colcon_core.shell:create_environment_hook('openflex_ker_joint_panel', 'cmake_prefix_path')
[24.156s] INFO:colcon.colcon_core.shell:Creating environment hook '/home/alientek/openflex/openflex_KER/ros2_ws/install/openflex_ker_joint_panel/share/openflex_ker_joint_panel/hook/cmake_prefix_path.ps1'
[24.157s] INFO:colcon.colcon_core.shell:Creating environment descriptor '/home/alientek/openflex/openflex_KER/ros2_ws/install/openflex_ker_joint_panel/share/openflex_ker_joint_panel/hook/cmake_prefix_path.dsv'
[24.158s] INFO:colcon.colcon_core.shell:Creating environment hook '/home/alientek/openflex/openflex_KER/ros2_ws/install/openflex_ker_joint_panel/share/openflex_ker_joint_panel/hook/cmake_prefix_path.sh'
[24.159s] Level 1:colcon.colcon_core.environment:checking '/home/alientek/openflex/openflex_KER/ros2_ws/install/openflex_ker_joint_panel/lib'
[24.159s] Level 1:colcon.colcon_core.shell:create_environment_hook('openflex_ker_joint_panel', 'ld_library_path_lib')
[24.160s] INFO:colcon.colcon_core.shell:Creating environment hook '/home/alientek/openflex/openflex_KER/ros2_ws/install/openflex_ker_joint_panel/share/openflex_ker_joint_panel/hook/ld_library_path_lib.ps1'
[24.161s] INFO:colcon.colcon_core.shell:Creating environment descriptor '/home/alientek/openflex/openflex_KER/ros2_ws/install/openflex_ker_joint_panel/share/openflex_ker_joint_panel/hook/ld_library_path_lib.dsv'
[24.162s] INFO:colcon.colcon_core.shell:Creating environment hook '/home/alientek/openflex/openflex_KER/ros2_ws/install/openflex_ker_joint_panel/share/openflex_ker_joint_panel/hook/ld_library_path_lib.sh'
[24.163s] Level 1:colcon.colcon_core.environment:checking '/home/alientek/openflex/openflex_KER/ros2_ws/install/openflex_ker_joint_panel/bin'
[24.163s] Level 1:colcon.colcon_core.environment:checking '/home/alientek/openflex/openflex_KER/ros2_ws/install/openflex_ker_joint_panel/lib/pkgconfig/openflex_ker_joint_panel.pc'
[24.163s] Level 1:colcon.colcon_core.environment:checking '/home/alientek/openflex/openflex_KER/ros2_ws/install/openflex_ker_joint_panel/lib/python3.10/site-packages'
[24.164s] Level 1:colcon.colcon_core.environment:checking '/home/alientek/openflex/openflex_KER/ros2_ws/install/openflex_ker_joint_panel/bin'
[24.164s] INFO:colcon.colcon_core.shell:Creating package script '/home/alientek/openflex/openflex_KER/ros2_ws/install/openflex_ker_joint_panel/share/openflex_ker_joint_panel/package.ps1'
[24.165s] INFO:colcon.colcon_core.shell:Creating package descriptor '/home/alientek/openflex/openflex_KER/ros2_ws/install/openflex_ker_joint_panel/share/openflex_ker_joint_panel/package.dsv'
[24.166s] INFO:colcon.colcon_core.shell:Creating package script '/home/alientek/openflex/openflex_KER/ros2_ws/install/openflex_ker_joint_panel/share/openflex_ker_joint_panel/package.sh'
[24.166s] INFO:colcon.colcon_core.shell:Creating package script '/home/alientek/openflex/openflex_KER/ros2_ws/install/openflex_ker_joint_panel/share/openflex_ker_joint_panel/package.bash'
[24.169s] INFO:colcon.colcon_core.shell:Creating package script '/home/alientek/openflex/openflex_KER/ros2_ws/install/openflex_ker_joint_panel/share/openflex_ker_joint_panel/package.zsh'
[24.170s] Level 1:colcon.colcon_core.environment:create_file_with_runtime_dependencies(/home/alientek/openflex/openflex_KER/ros2_ws/install/openflex_ker_joint_panel/share/colcon-core/packages/openflex_ker_joint_panel)
[24.171s] Level 1:colcon.colcon_core.environment:create_environment_scripts_only(openflex_ker_joint_panel)
[24.171s] Level 1:colcon.colcon_core.environment:checking '/home/alientek/openflex/openflex_KER/ros2_ws/install/openflex_ker_joint_panel' for CMake module files
[24.172s] Level 1:colcon.colcon_core.environment:checking '/home/alientek/openflex/openflex_KER/ros2_ws/install/openflex_ker_joint_panel' for CMake config files
[24.172s] Level 1:colcon.colcon_core.shell:create_environment_hook('openflex_ker_joint_panel', 'cmake_prefix_path')
[24.172s] INFO:colcon.colcon_core.shell:Creating environment hook '/home/alientek/openflex/openflex_KER/ros2_ws/install/openflex_ker_joint_panel/share/openflex_ker_joint_panel/hook/cmake_prefix_path.ps1'
[24.173s] INFO:colcon.colcon_core.shell:Creating environment descriptor '/home/alientek/openflex/openflex_KER/ros2_ws/install/openflex_ker_joint_panel/share/openflex_ker_joint_panel/hook/cmake_prefix_path.dsv'
[24.174s] INFO:colcon.colcon_core.shell:Creating environment hook '/home/alientek/openflex/openflex_KER/ros2_ws/install/openflex_ker_joint_panel/share/openflex_ker_joint_panel/hook/cmake_prefix_path.sh'
[24.175s] Level 1:colcon.colcon_core.environment:checking '/home/alientek/openflex/openflex_KER/ros2_ws/install/openflex_ker_joint_panel/lib'
[24.175s] Level 1:colcon.colcon_core.shell:create_environment_hook('openflex_ker_joint_panel', 'ld_library_path_lib')
[24.175s] INFO:colcon.colcon_core.shell:Creating environment hook '/home/alientek/openflex/openflex_KER/ros2_ws/install/openflex_ker_joint_panel/share/openflex_ker_joint_panel/hook/ld_library_path_lib.ps1'
[24.177s] INFO:colcon.colcon_core.shell:Creating environment descriptor '/home/alientek/openflex/openflex_KER/ros2_ws/install/openflex_ker_joint_panel/share/openflex_ker_joint_panel/hook/ld_library_path_lib.dsv'
[24.178s] INFO:colcon.colcon_core.shell:Creating environment hook '/home/alientek/openflex/openflex_KER/ros2_ws/install/openflex_ker_joint_panel/share/openflex_ker_joint_panel/hook/ld_library_path_lib.sh'
[24.179s] Level 1:colcon.colcon_core.environment:checking '/home/alientek/openflex/openflex_KER/ros2_ws/install/openflex_ker_joint_panel/bin'
[24.179s] Level 1:colcon.colcon_core.environment:checking '/home/alientek/openflex/openflex_KER/ros2_ws/install/openflex_ker_joint_panel/lib/pkgconfig/openflex_ker_joint_panel.pc'
[24.180s] Level 1:colcon.colcon_core.environment:checking '/home/alientek/openflex/openflex_KER/ros2_ws/install/openflex_ker_joint_panel/lib/python3.10/site-packages'
[24.180s] Level 1:colcon.colcon_core.environment:checking '/home/alientek/openflex/openflex_KER/ros2_ws/install/openflex_ker_joint_panel/bin'
[24.181s] INFO:colcon.colcon_core.shell:Creating package script '/home/alientek/openflex/openflex_KER/ros2_ws/install/openflex_ker_joint_panel/share/openflex_ker_joint_panel/package.ps1'
[24.182s] INFO:colcon.colcon_core.shell:Creating package descriptor '/home/alientek/openflex/openflex_KER/ros2_ws/install/openflex_ker_joint_panel/share/openflex_ker_joint_panel/package.dsv'
[24.183s] INFO:colcon.colcon_core.shell:Creating package script '/home/alientek/openflex/openflex_KER/ros2_ws/install/openflex_ker_joint_panel/share/openflex_ker_joint_panel/package.sh'
[24.185s] INFO:colcon.colcon_core.shell:Creating package script '/home/alientek/openflex/openflex_KER/ros2_ws/install/openflex_ker_joint_panel/share/openflex_ker_joint_panel/package.bash'
[24.185s] INFO:colcon.colcon_core.shell:Creating package script '/home/alientek/openflex/openflex_KER/ros2_ws/install/openflex_ker_joint_panel/share/openflex_ker_joint_panel/package.zsh'
[24.187s] Level 1:colcon.colcon_core.environment:create_file_with_runtime_dependencies(/home/alientek/openflex/openflex_KER/ros2_ws/install/openflex_ker_joint_panel/share/colcon-core/packages/openflex_ker_joint_panel)
[24.187s] DEBUG:colcon.colcon_parallel_executor.executor.parallel:closing loop
[24.188s] DEBUG:colcon.colcon_parallel_executor.executor.parallel:loop closed
[24.189s] DEBUG:colcon.colcon_parallel_executor.executor.parallel:run_until_complete finished with '0'
[24.189s] DEBUG:colcon.colcon_core.event_reactor:joining thread
[24.197s] INFO:colcon.colcon_core.plugin_system:Skipping extension 'colcon_notification.desktop_notification.terminal_notifier': Not used on non-Darwin systems
[24.197s] INFO:colcon.colcon_core.plugin_system:Skipping extension 'colcon_notification.desktop_notification.win32': Not used on non-Windows systems
[24.197s] INFO:colcon.colcon_notification.desktop_notification:Sending desktop notification using 'notify2'
[24.261s] DEBUG:colcon.colcon_core.event_reactor:joined thread
[24.261s] INFO:colcon.colcon_core.shell:Creating prefix script '/home/alientek/openflex/openflex_KER/ros2_ws/install/local_setup.ps1'
[24.263s] INFO:colcon.colcon_core.shell:Creating prefix util module '/home/alientek/openflex/openflex_KER/ros2_ws/install/_local_setup_util_ps1.py'
[24.264s] INFO:colcon.colcon_core.shell:Creating prefix chain script '/home/alientek/openflex/openflex_KER/ros2_ws/install/setup.ps1'
[24.266s] INFO:colcon.colcon_core.shell:Creating prefix script '/home/alientek/openflex/openflex_KER/ros2_ws/install/local_setup.sh'
[24.266s] INFO:colcon.colcon_core.shell:Creating prefix util module '/home/alientek/openflex/openflex_KER/ros2_ws/install/_local_setup_util_sh.py'
[24.267s] INFO:colcon.colcon_core.shell:Creating prefix chain script '/home/alientek/openflex/openflex_KER/ros2_ws/install/setup.sh'
[24.268s] INFO:colcon.colcon_core.shell:Creating prefix script '/home/alientek/openflex/openflex_KER/ros2_ws/install/local_setup.bash'
[24.269s] INFO:colcon.colcon_core.shell:Creating prefix chain script '/home/alientek/openflex/openflex_KER/ros2_ws/install/setup.bash'
[24.270s] INFO:colcon.colcon_core.shell:Creating prefix script '/home/alientek/openflex/openflex_KER/ros2_ws/install/local_setup.zsh'
[24.271s] INFO:colcon.colcon_core.shell:Creating prefix chain script '/home/alientek/openflex/openflex_KER/ros2_ws/install/setup.zsh'
