running develop
running egg_info
creating openflex_teleop_ker.egg-info
writing openflex_teleop_ker.egg-info/PKG-INFO
writing dependency_links to openflex_teleop_ker.egg-info/dependency_links.txt
writing entry points to openflex_teleop_ker.egg-info/entry_points.txt
writing requirements to openflex_teleop_ker.egg-info/requires.txt
writing top-level names to openflex_teleop_ker.egg-info/top_level.txt
writing manifest file 'openflex_teleop_ker.egg-info/SOURCES.txt'
reading manifest file 'openflex_teleop_ker.egg-info/SOURCES.txt'
writing manifest file 'openflex_teleop_ker.egg-info/SOURCES.txt'
running build_ext
Creating /home/alientek/openflex/openflex_KER/ros2_ws/install/openflex_teleop_ker/lib/python3.10/site-packages/openflex-teleop-ker.egg-link (link to .)
Installing ker_arm_bridge_node script to /home/alientek/openflex/openflex_KER/ros2_ws/install/openflex_teleop_ker/lib/openflex_teleop_ker
Installing ker_driver_node script to /home/alientek/openflex/openflex_KER/ros2_ws/install/openflex_teleop_ker/lib/openflex_teleop_ker

Installed /home/alientek/openflex/openflex_KER/ros2_ws/build/openflex_teleop_ker
running symlink_data
creating /home/alientek/openflex/openflex_KER/ros2_ws/install/openflex_teleop_ker/share/ament_index
creating /home/alientek/openflex/openflex_KER/ros2_ws/install/openflex_teleop_ker/share/ament_index/resource_index
creating /home/alientek/openflex/openflex_KER/ros2_ws/install/openflex_teleop_ker/share/ament_index/resource_index/packages
symbolically linking /home/alientek/openflex/openflex_KER/ros2_ws/build/openflex_teleop_ker/resource/openflex_teleop_ker -> /home/alientek/openflex/openflex_KER/ros2_ws/install/openflex_teleop_ker/share/ament_index/resource_index/packages
symbolically linking /home/alientek/openflex/openflex_KER/ros2_ws/build/openflex_teleop_ker/package.xml -> /home/alientek/openflex/openflex_KER/ros2_ws/install/openflex_teleop_ker/share/openflex_teleop_ker
creating /home/alientek/openflex/openflex_KER/ros2_ws/install/openflex_teleop_ker/share/openflex_teleop_ker/config
symbolically linking /home/alientek/openflex/openflex_KER/ros2_ws/build/openflex_teleop_ker/config/openflex_ker.yaml -> /home/alientek/openflex/openflex_KER/ros2_ws/install/openflex_teleop_ker/share/openflex_teleop_ker/config
creating /home/alientek/openflex/openflex_KER/ros2_ws/install/openflex_teleop_ker/share/openflex_teleop_ker/launch
symbolically linking /home/alientek/openflex/openflex_KER/ros2_ws/build/openflex_teleop_ker/launch/openflex_ker_teleop.launch.py -> /home/alientek/openflex/openflex_KER/ros2_ws/install/openflex_teleop_ker/share/openflex_teleop_ker/launch
