-- The C compiler identification is GNU 11.4.0
-- The CXX compiler identification is GNU 11.4.0
-- Detecting C compiler ABI info
-- Detecting C compiler ABI info - done
-- Check for working C compiler: /usr/bin/cc - skipped
-- Detecting C compile features
-- Detecting C compile features - done
-- Detecting CXX compiler ABI info
-- Detecting CXX compiler ABI info - done
-- Check for working CXX compiler: /usr/bin/c++ - skipped
-- Detecting CXX compile features
-- Detecting CXX compile features - done
-- Found ament_cmake: 1.3.14 (/opt/ros/humble/share/ament_cmake/cmake)
-- Found Python3: /usr/bin/python3 (found version "3.10.12") found components: Interpreter 
-- Override CMake install command with custom implementation using symlinks instead of copying resources
-- Found pluginlib: 5.1.4 (/opt/ros/humble/share/pluginlib/cmake)
-- Found rclcpp: 16.0.19 (/opt/ros/humble/share/rclcpp/cmake)
-- Found rosidl_generator_c: 3.1.9 (/opt/ros/humble/share/rosidl_generator_c/cmake)
-- Found rosidl_adapter: 3.1.9 (/opt/ros/humble/share/rosidl_adapter/cmake)
-- Found rosidl_generator_cpp: 3.1.9 (/opt/ros/humble/share/rosidl_generator_cpp/cmake)
-- Using all available rosidl_typesupport_c: rosidl_typesupport_fastrtps_c;rosidl_typesupport_introspection_c
-- Using all available rosidl_typesupport_cpp: rosidl_typesupport_fastrtps_cpp;rosidl_typesupport_introspection_cpp
-- Found rmw_implementation_cmake: 6.1.2 (/opt/ros/humble/share/rmw_implementation_cmake/cmake)
-- Found rmw_fastrtps_cpp: 6.2.10 (/opt/ros/humble/share/rmw_fastrtps_cpp/cmake)
-- Found TinyXML2 via Config file: TinyXML2_DIR-NOTFOUND
-- Found OpenSSL: /usr/lib/x86_64-linux-gnu/libcrypto.so (found version "3.0.2")  
-- Found TinyXML2 via Config file: TinyXML2_DIR-NOTFOUND
-- Found FastRTPS: /opt/ros/humble/include  
-- Found TinyXML2 via Config file: TinyXML2_DIR-NOTFOUND
-- Found TinyXML2 via Config file: TinyXML2_DIR-NOTFOUND
-- Using RMW implementation 'rmw_fastrtps_cpp' as default
-- Looking for pthread.h
-- Looking for pthread.h - found
-- Performing Test CMAKE_HAVE_LIBC_PTHREAD
-- Performing Test CMAKE_HAVE_LIBC_PTHREAD - Success
-- Found Threads: TRUE  
-- Found rviz_common: 11.2.27 (/opt/ros/humble/share/rviz_common/cmake)
-- Setting assimp_DIR to: '/opt/ros/humble/share/rviz_assimp_vendor/cmake/../../../opt/rviz_assimp_vendor/lib/cmake/assimp-4.1'
-- Setting OGRE_DIR to: '/opt/ros/humble/share/rviz_ogre_vendor/cmake/../../../opt/rviz_ogre_vendor/lib/OGRE/cmake'
-- Found OGRE
--   static     : OFF
--   components : HLMS;MeshLodGenerator;Overlay;Paging;Property;RTShaderSystem;Terrain;Volume
--   plugins    : Plugin_BSPSceneManager;Plugin_OctreeSceneManager;Plugin_PCZSceneManager;Plugin_ParticleFX;RenderSystem_GL;RenderSystem_GL3Plus;Codec_STBI
--   media      : /opt/ros/humble/opt/rviz_ogre_vendor/share/OGRE/Media
-- OGRE_LIBRARIES: OgreHLMS;OgreMeshLodGenerator;OgreOverlay;OgrePaging;OgreProperty;OgreRTShaderSystem;OgreTerrain;OgreVolume;OgreMain
-- OGRE_LIBRARY_DIRS: /opt/ros/humble/opt/rviz_ogre_vendor/lib
-- OGRE_PLUGINS: Plugin_BSPSceneManager;Plugin_OctreeSceneManager;Plugin_PCZSceneManager;Plugin_ParticleFX;RenderSystem_GL;RenderSystem_GL3Plus;Codec_STBI
-- OGRE_PLUGIN_DIR: /opt/ros/humble/opt/rviz_ogre_vendor/lib/OGRE
-- rviz_ogre_vendor::OgreOverlay for IMPORTED_LOCATION_RELEASE: /opt/ros/humble/opt/rviz_ogre_vendor/lib/libOgreOverlay.so
-- rviz_ogre_vendor::OgreOverlay for IMPORTED_LOCATION_DEBUG: /opt/ros/humble/opt/rviz_ogre_vendor/lib/libOgreOverlay.so
-- rviz_ogre_vendor::OgreMain for IMPORTED_LOCATION_RELEASE: /opt/ros/humble/opt/rviz_ogre_vendor/lib/libOgreMain.so
-- rviz_ogre_vendor::OgreMain for IMPORTED_LOCATION_DEBUG: /opt/ros/humble/opt/rviz_ogre_vendor/lib/libOgreMain.so
-- Could not find freeimage library
-- Found ZLIB: /usr/lib/x86_64-linux-gnu/libz.so (found version "1.2.11") 
-- Found OpenGL: /usr/lib/x86_64-linux-gnu/libOpenGL.so   
-- Found X11: /usr/include   
-- Looking for XOpenDisplay in /usr/lib/x86_64-linux-gnu/libX11.so;/usr/lib/x86_64-linux-gnu/libXext.so
-- Looking for XOpenDisplay in /usr/lib/x86_64-linux-gnu/libX11.so;/usr/lib/x86_64-linux-gnu/libXext.so - found
-- Looking for gethostbyname
-- Looking for gethostbyname - found
-- Looking for connect
-- Looking for connect - found
-- Looking for remove
-- Looking for remove - found
-- Looking for shmat
-- Looking for shmat - found
-- Looking for IceConnectionNumber in ICE
-- Looking for IceConnectionNumber in ICE - found
-- library: /usr/lib/x86_64-linux-gnu/libcurl.so
-- Found Eigen3: TRUE (found version "3.4.0") 
-- Ensuring Eigen3 include directory is part of orocos-kdl CMake target
-- Found std_srvs: 4.9.1 (/opt/ros/humble/share/std_srvs/cmake)
-- Configuring done
-- Generating done
-- Build files have been written to: /home/alientek/openflex/openflex_KER/ros2_ws/build/openflex_ker_joint_panel
[ 25%] Automatic MOC for target openflex_ker_joint_panel
[ 25%] Built target openflex_ker_joint_panel_autogen
[ 75%] Building CXX object CMakeFiles/openflex_ker_joint_panel.dir/src/joint_angle_panel.cpp.o
[ 75%] Building CXX object CMakeFiles/openflex_ker_joint_panel.dir/openflex_ker_joint_panel_autogen/mocs_compilation.cpp.o
[100%] Linking CXX shared library libopenflex_ker_joint_panel.so
[100%] Built target openflex_ker_joint_panel
-- Install configuration: ""
-- Execute custom install script
-- Symlinking: /home/alientek/openflex/openflex_KER/ros2_ws/install/openflex_ker_joint_panel/share/openflex_ker_joint_panel/plugins/plugin_description.xml
-- Symlinking: /home/alientek/openflex/openflex_KER/ros2_ws/install/openflex_ker_joint_panel/lib/libopenflex_ker_joint_panel.so
-- Symlinking: /home/alientek/openflex/openflex_KER/ros2_ws/install/openflex_ker_joint_panel/include/openflex_ker_joint_panel/joint_angle_panel.hpp
-- Up-to-date symlink: /home/alientek/openflex/openflex_KER/ros2_ws/install/openflex_ker_joint_panel/share/openflex_ker_joint_panel/plugins/plugin_description.xml
-- Symlinking: /home/alientek/openflex/openflex_KER/ros2_ws/install/openflex_ker_joint_panel/share/openflex_ker_joint_panel/resource/openflex_ker_joint_panel
-- Symlinking: /home/alientek/openflex/openflex_KER/ros2_ws/install/openflex_ker_joint_panel/share/openflex_ker_joint_panel/environment/library_path.sh
-- Symlinking: /home/alientek/openflex/openflex_KER/ros2_ws/install/openflex_ker_joint_panel/share/openflex_ker_joint_panel/environment/library_path.dsv
-- Symlinking: /home/alientek/openflex/openflex_KER/ros2_ws/install/openflex_ker_joint_panel/share/ament_index/resource_index/package_run_dependencies/openflex_ker_joint_panel
-- Symlinking: /home/alientek/openflex/openflex_KER/ros2_ws/install/openflex_ker_joint_panel/share/ament_index/resource_index/parent_prefix_path/openflex_ker_joint_panel
-- Symlinking: /home/alientek/openflex/openflex_KER/ros2_ws/install/openflex_ker_joint_panel/share/openflex_ker_joint_panel/environment/ament_prefix_path.sh
-- Symlinking: /home/alientek/openflex/openflex_KER/ros2_ws/install/openflex_ker_joint_panel/share/openflex_ker_joint_panel/environment/ament_prefix_path.dsv
-- Symlinking: /home/alientek/openflex/openflex_KER/ros2_ws/install/openflex_ker_joint_panel/share/openflex_ker_joint_panel/environment/path.sh
-- Symlinking: /home/alientek/openflex/openflex_KER/ros2_ws/install/openflex_ker_joint_panel/share/openflex_ker_joint_panel/environment/path.dsv
-- Symlinking: /home/alientek/openflex/openflex_KER/ros2_ws/install/openflex_ker_joint_panel/share/openflex_ker_joint_panel/local_setup.bash
-- Symlinking: /home/alientek/openflex/openflex_KER/ros2_ws/install/openflex_ker_joint_panel/share/openflex_ker_joint_panel/local_setup.sh
-- Symlinking: /home/alientek/openflex/openflex_KER/ros2_ws/install/openflex_ker_joint_panel/share/openflex_ker_joint_panel/local_setup.zsh
-- Symlinking: /home/alientek/openflex/openflex_KER/ros2_ws/install/openflex_ker_joint_panel/share/openflex_ker_joint_panel/local_setup.dsv
-- Symlinking: /home/alientek/openflex/openflex_KER/ros2_ws/install/openflex_ker_joint_panel/share/openflex_ker_joint_panel/package.dsv
-- Symlinking: /home/alientek/openflex/openflex_KER/ros2_ws/install/openflex_ker_joint_panel/share/ament_index/resource_index/packages/openflex_ker_joint_panel
-- Symlinking: /home/alientek/openflex/openflex_KER/ros2_ws/install/openflex_ker_joint_panel/share/ament_index/resource_index/rviz_common__pluginlib__plugin/openflex_ker_joint_panel
-- Symlinking: /home/alientek/openflex/openflex_KER/ros2_ws/install/openflex_ker_joint_panel/share/openflex_ker_joint_panel/cmake/ament_cmake_export_include_directories-extras.cmake
-- Symlinking: /home/alientek/openflex/openflex_KER/ros2_ws/install/openflex_ker_joint_panel/share/openflex_ker_joint_panel/cmake/ament_cmake_export_libraries-extras.cmake
-- Symlinking: /home/alientek/openflex/openflex_KER/ros2_ws/install/openflex_ker_joint_panel/share/openflex_ker_joint_panel/cmake/ament_cmake_export_dependencies-extras.cmake
-- Symlinking: /home/alientek/openflex/openflex_KER/ros2_ws/install/openflex_ker_joint_panel/share/openflex_ker_joint_panel/cmake/openflex_ker_joint_panelConfig.cmake
-- Symlinking: /home/alientek/openflex/openflex_KER/ros2_ws/install/openflex_ker_joint_panel/share/openflex_ker_joint_panel/cmake/openflex_ker_joint_panelConfig-version.cmake
-- Symlinking: /home/alientek/openflex/openflex_KER/ros2_ws/install/openflex_ker_joint_panel/share/openflex_ker_joint_panel/package.xml
